# JRE version: OpenJDK Runtime Environment (8.0_131-b11) (build 1.8.0_131-8u131-b11-2ubuntu1.16.04.3-b11)
# Java VM: OpenJDK 64-Bit Server VM (25.131-b11 mixed mode linux-amd64 compressed oops)
Heap:
 PSYoungGen      total 684544K, used 192271K [0x00000000d5580000, 0x00000000ff300000, 0x0000000100000000)
  eden space 683520K, 28% used [0x00000000d5580000,0x00000000e1143c30,0x00000000ff100000)
  from space 1024K, 0% used [0x00000000ff200000,0x00000000ff200000,0x00000000ff300000)
  to   space 1024K, 0% used [0x00000000ff100000,0x00000000ff100000,0x00000000ff200000)
 ParOldGen       total 382976K, used 121494K [0x0000000080000000, 0x0000000097600000, 0x00000000d5580000)
  object space 382976K, 31% used [0x0000000080000000,0x00000000876a5b98,0x0000000097600000)
 Metaspace       used 161798K, capacity 171645K, committed 172760K, reserved 1200128K
  class space    used 18800K, capacity 21574K, committed 21760K, reserved 1048576K
GC Heap History (10 events):
Event: 269348.866 GC heap before
{Heap before GC invocations=9186 (full 4402):
 PSYoungGen      total 684544K, used 288K [0x00000000d5580000, 0x00000000ff300000, 0x0000000100000000)
  eden space 683520K, 0% used [0x00000000d5580000,0x00000000d5580000,0x00000000ff100000)
  from space 1024K, 28% used [0x00000000ff200000,0x00000000ff248000,0x00000000ff300000)
  to   space 1024K, 0% used [0x00000000ff100000,0x00000000ff100000,0x00000000ff200000)
 ParOldGen       total 382976K, used 120839K [0x0000000080000000, 0x0000000097600000, 0x00000000d5580000)
  object space 382976K, 31% used [0x0000000080000000,0x0000000087601f00,0x0000000097600000)
 Metaspace       used 161780K, capacity 171633K, committed 172760K, reserved 1200128K
  class space    used 18799K, capacity 21572K, committed 21760K, reserved 1048576K
Event: 269349.252 GC heap after
Heap after GC invocations=9186 (full 4402):
 PSYoungGen      total 684544K, used 0K [0x00000000d5580000, 0x00000000ff300000, 0x0000000100000000)
  eden space 683520K, 0% used [0x00000000d5580000,0x00000000d5580000,0x00000000ff100000)
  from space 1024K, 0% used [0x00000000ff200000,0x00000000ff200000,0x00000000ff300000)
  to   space 1024K, 0% used [0x00000000ff100000,0x00000000ff100000,0x00000000ff200000)
 ParOldGen       total 382976K, used 120988K [0x0000000080000000, 0x0000000097600000, 0x00000000d5580000)
  object space 382976K, 31% used [0x0000000080000000,0x0000000087627338,0x0000000097600000)
 Metaspace       used 161780K, capacity 171633K, committed 172760K, reserved 1200128K
  class space    used 18799K, capacity 21572K, committed 21760K, reserved 1048576K
}
Event: 269408.862 GC heap before
{Heap before GC invocations=9187 (full 4402):
 PSYoungGen      total 684544K, used 45215K [0x00000000d5580000, 0x00000000ff300000, 0x0000000100000000)
  eden space 683520K, 6% used [0x00000000d5580000,0x00000000d81a7d90,0x00000000ff100000)
  from space 1024K, 0% used [0x00000000ff200000,0x00000000ff200000,0x00000000ff300000)
  to   space 1024K, 0% used [0x00000000ff100000,0x00000000ff100000,0x00000000ff200000)
 ParOldGen       total 382976K, used 120988K [0x0000000080000000, 0x0000000097600000, 0x00000000d5580000)
  object space 382976K, 31% used [0x0000000080000000,0x0000000087627338,0x0000000097600000)
 Metaspace       used 161780K, capacity 171633K, committed 172760K, reserved 1200128K
  class space    used 18799K, capacity 21572K, committed 21760K, reserved 1048576K
Event: 269408.866 GC heap after
Heap after GC invocations=9187 (full 4402):
 PSYoungGen      total 684544K, used 128K [0x00000000d5580000, 0x00000000ff300000, 0x0000000100000000)
  eden space 683520K, 0% used [0x00000000d5580000,0x00000000d5580000,0x00000000ff100000)
  from space 1024K, 12% used [0x00000000ff100000,0x00000000ff120000,0x00000000ff200000)
  to   space 1024K, 0% used [0x00000000ff200000,0x00000000ff200000,0x00000000ff300000)
 ParOldGen       total 382976K, used 120988K [0x0000000080000000, 0x0000000097600000, 0x00000000d5580000)
  object space 382976K, 31% used [0x0000000080000000,0x0000000087627338,0x0000000097600000)
 Metaspace       used 161780K, capacity 171633K, committed 172760K, reserved 1200128K
  class space    used 18799K, capacity 21572K, committed 21760K, reserved 1048576K
}
Event: 269408.866 GC heap before
{Heap before GC invocations=9188 (full 4403):
 PSYoungGen      total 684544K, used 128K [0x00000000d5580000, 0x00000000ff300000, 0x0000000100000000)
  eden space 683520K, 0% used [0x00000000d5580000,0x00000000d5580000,0x00000000ff100000)
  from space 1024K, 12% used [0x00000000ff100000,0x00000000ff120000,0x00000000ff200000)
  to   space 1024K, 0% used [0x00000000ff200000,0x00000000ff200000,0x00000000ff300000)
 ParOldGen       total 382976K, used 120988K [0x0000000080000000, 0x0000000097600000, 0x00000000d5580000)
  object space 382976K, 31% used [0x0000000080000000,0x0000000087627338,0x0000000097600000)
 Metaspace       used 161780K, capacity 171633K, committed 172760K, reserved 1200128K
  class space    used 18799K, capacity 21572K, committed 21760K, reserved 1048576K
Event: 269409.187 GC heap after
Heap after GC invocations=9188 (full 4403):
 PSYoungGen      total 684544K, used 0K [0x00000000d5580000, 0x00000000ff300000, 0x0000000100000000)
  eden space 683520K, 0% used [0x00000000d5580000,0x00000000d5580000,0x00000000ff100000)
  from space 1024K, 0% used [0x00000000ff100000,0x00000000ff100000,0x00000000ff200000)
  to   space 1024K, 0% used [0x00000000ff200000,0x00000000ff200000,0x00000000ff300000)
 ParOldGen       total 382976K, used 121008K [0x0000000080000000, 0x0000000097600000, 0x00000000d5580000)
  object space 382976K, 31% used [0x0000000080000000,0x000000008762c148,0x0000000097600000)
 Metaspace       used 161780K, capacity 171633K, committed 172760K, reserved 1200128K
  class space    used 18799K, capacity 21572K, committed 21760K, reserved 1048576K
}
Event: 269473.284 GC heap before
{Heap before GC invocations=9189 (full 4403):
 PSYoungGen      total 684544K, used 81850K [0x00000000d5580000, 0x00000000ff300000, 0x0000000100000000)
  eden space 683520K, 11% used [0x00000000d5580000,0x00000000da56e9e0,0x00000000ff100000)
  from space 1024K, 0% used [0x00000000ff100000,0x00000000ff100000,0x00000000ff200000)
  to   space 1024K, 0% used [0x00000000ff200000,0x00000000ff200000,0x00000000ff300000)
 ParOldGen       total 382976K, used 121008K [0x0000000080000000, 0x0000000097600000, 0x00000000d5580000)
  object space 382976K, 31% used [0x0000000080000000,0x000000008762c148,0x0000000097600000)
 Metaspace       used 161793K, capacity 171645K, committed 172760K, reserved 1200128K
  class space    used 18800K, capacity 21574K, committed 21760K, reserved 1048576K
Event: 269473.289 GC heap after
Heap after GC invocations=9189 (full 4403):
 PSYoungGen      total 684544K, used 1021K [0x00000000d5580000, 0x00000000ff300000, 0x0000000100000000)
  eden space 683520K, 0% used [0x00000000d5580000,0x00000000d5580000,0x00000000ff100000)
  from space 1024K, 99% used [0x00000000ff200000,0x00000000ff2ff4f0,0x00000000ff300000)
  to   space 1024K, 0% used [0x00000000ff100000,0x00000000ff100000,0x00000000ff200000)
 ParOldGen       total 382976K, used 121024K [0x0000000080000000, 0x0000000097600000, 0x00000000d5580000)
  object space 382976K, 31% used [0x0000000080000000,0x0000000087630158,0x0000000097600000)
 Metaspace       used 161793K, capacity 171645K, committed 172760K, reserved 1200128K
  class space    used 18800K, capacity 21574K, committed 21760K, reserved 1048576K
}
Event: 269473.289 GC heap before
{Heap before GC invocations=9190 (full 4404):
 PSYoungGen      total 684544K, used 1021K [0x00000000d5580000, 0x00000000ff300000, 0x0000000100000000)
  eden space 683520K, 0% used [0x00000000d5580000,0x00000000d5580000,0x00000000ff100000)
  from space 1024K, 99% used [0x00000000ff200000,0x00000000ff2ff4f0,0x00000000ff300000)
  to   space 1024K, 0% used [0x00000000ff100000,0x00000000ff100000,0x00000000ff200000)
 ParOldGen       total 382976K, used 121024K [0x0000000080000000, 0x0000000097600000, 0x00000000d5580000)
  object space 382976K, 31% used [0x0000000080000000,0x0000000087630158,0x0000000097600000)
 Metaspace       used 161793K, capacity 171645K, committed 172760K, reserved 1200128K
  class space    used 18800K, capacity 21574K, committed 21760K, reserved 1048576K
Event: 269473.657 GC heap after
Heap after GC invocations=9190 (full 4404):
 PSYoungGen      total 684544K, used 0K [0x00000000d5580000, 0x00000000ff300000, 0x0000000100000000)
  eden space 683520K, 0% used [0x00000000d5580000,0x00000000d5580000,0x00000000ff100000)
  from space 1024K, 0% used [0x00000000ff200000,0x00000000ff200000,0x00000000ff300000)
  to   space 1024K, 0% used [0x00000000ff100000,0x00000000ff100000,0x00000000ff200000)
 ParOldGen       total 382976K, used 121494K [0x0000000080000000, 0x0000000097600000, 0x00000000d5580000)
  object space 382976K, 31% used [0x0000000080000000,0x00000000876a5b98,0x0000000097600000)
 Metaspace       used 161793K, capacity 171645K, committed 172760K, reserved 1200128K
  class space    used 18800K, capacity 21574K, committed 21760K, reserved 1048576K
}

