# JRE version: OpenJDK Runtime Environment (8.0_131-b11) (build 1.8.0_131-8u131-b11-0ubuntu1.16.04.2-b11)
# Java VM: OpenJDK 64-Bit Server VM (25.131-b11 mixed mode linux-amd64 compressed oops)
Heap:
 PSYoungGen      total 633344K, used 16240K [0x00000000d5580000, 0x0000000100000000, 0x0000000100000000)
  eden space 567808K, 2% used [0x00000000d5580000,0x00000000d655c3a0,0x00000000f8000000)
  from space 65536K, 0% used [0x00000000f8000000,0x00000000f8000000,0x00000000fc000000)
  to   space 63488K, 0% used [0x00000000fc200000,0x00000000fc200000,0x0000000100000000)
 ParOldGen       total 748032K, used 88778K [0x0000000080000000, 0x00000000ada80000, 0x00000000d5580000)
  object space 748032K, 11% used [0x0000000080000000,0x00000000856b29e8,0x00000000ada80000)
 Metaspace       used 98493K, capacity 105980K, committed 106188K, reserved 1140736K
  class space    used 12394K, capacity 14736K, committed 14836K, reserved 1048576K
GC Heap History (10 events):
Event: 15.117 GC heap before
{Heap before GC invocations=10 (full 3):
 PSYoungGen      total 419840K, used 71338K [0x00000000d5580000, 0x00000000f3f80000, 0x0000000100000000)
  eden space 373760K, 6% used [0x00000000d5580000,0x00000000d6e2beb8,0x00000000ec280000)
  from space 46080K, 99% used [0x00000000efe80000,0x00000000f2b7eb20,0x00000000f2b80000)
  to   space 61440K, 0% used [0x00000000ec280000,0x00000000ec280000,0x00000000efe80000)
 ParOldGen       total 573440K, used 79214K [0x0000000080000000, 0x00000000a3000000, 0x00000000d5580000)
  object space 573440K, 13% used [0x0000000080000000,0x0000000084d5b820,0x00000000a3000000)
 Metaspace       used 91087K, capacity 98214K, committed 98380K, reserved 1134592K
  class space    used 11587K, capacity 13830K, committed 13940K, reserved 1048576K
Event: 15.176 GC heap after
Heap after GC invocations=10 (full 3):
 PSYoungGen      total 435200K, used 47174K [0x00000000d5580000, 0x0000000100000000, 0x0000000100000000)
  eden space 373760K, 0% used [0x00000000d5580000,0x00000000d5580000,0x00000000ec280000)
  from space 61440K, 76% used [0x00000000ec280000,0x00000000ef091b48,0x00000000efe80000)
  to   space 65024K, 0% used [0x00000000fc080000,0x00000000fc080000,0x0000000100000000)
 ParOldGen       total 573440K, used 79214K [0x0000000080000000, 0x00000000a3000000, 0x00000000d5580000)
  object space 573440K, 13% used [0x0000000080000000,0x0000000084d5b820,0x00000000a3000000)
 Metaspace       used 91087K, capacity 98214K, committed 98380K, reserved 1134592K
  class space    used 11587K, capacity 13830K, committed 13940K, reserved 1048576K
}
Event: 15.176 GC heap before
{Heap before GC invocations=11 (full 4):
 PSYoungGen      total 435200K, used 47174K [0x00000000d5580000, 0x0000000100000000, 0x0000000100000000)
  eden space 373760K, 0% used [0x00000000d5580000,0x00000000d5580000,0x00000000ec280000)
  from space 61440K, 76% used [0x00000000ec280000,0x00000000ef091b48,0x00000000efe80000)
  to   space 65024K, 0% used [0x00000000fc080000,0x00000000fc080000,0x0000000100000000)
 ParOldGen       total 573440K, used 79214K [0x0000000080000000, 0x00000000a3000000, 0x00000000d5580000)
  object space 573440K, 13% used [0x0000000080000000,0x0000000084d5b820,0x00000000a3000000)
 Metaspace       used 91087K, capacity 98214K, committed 98380K, reserved 1134592K
  class space    used 11587K, capacity 13830K, committed 13940K, reserved 1048576K
Event: 15.460 GC heap after
Heap after GC invocations=11 (full 4):
 PSYoungGen      total 435200K, used 0K [0x00000000d5580000, 0x0000000100000000, 0x0000000100000000)
  eden space 373760K, 0% used [0x00000000d5580000,0x00000000d5580000,0x00000000ec280000)
  from space 61440K, 0% used [0x00000000ec280000,0x00000000ec280000,0x00000000efe80000)
  to   space 65024K, 0% used [0x00000000fc080000,0x00000000fc080000,0x0000000100000000)
 ParOldGen       total 748032K, used 95245K [0x0000000080000000, 0x00000000ada80000, 0x00000000d5580000)
  object space 748032K, 12% used [0x0000000080000000,0x0000000085d03620,0x00000000ada80000)
 Metaspace       used 91087K, capacity 98214K, committed 98380K, reserved 1134592K
  class space    used 11587K, capacity 13830K, committed 13940K, reserved 1048576K
}
Event: 34.949 GC heap before
{Heap before GC invocations=12 (full 4):
 PSYoungGen      total 435200K, used 373760K [0x00000000d5580000, 0x0000000100000000, 0x0000000100000000)
  eden space 373760K, 100% used [0x00000000d5580000,0x00000000ec280000,0x00000000ec280000)
  from space 61440K, 0% used [0x00000000ec280000,0x00000000ec280000,0x00000000efe80000)
  to   space 65024K, 0% used [0x00000000fc080000,0x00000000fc080000,0x0000000100000000)
 ParOldGen       total 748032K, used 95245K [0x0000000080000000, 0x00000000ada80000, 0x00000000d5580000)
  object space 748032K, 12% used [0x0000000080000000,0x0000000085d03620,0x00000000ada80000)
 Metaspace       used 95952K, capacity 103108K, committed 103244K, reserved 1138688K
  class space    used 12092K, capacity 14425K, committed 14452K, reserved 1048576K
Event: 34.966 GC heap after
Heap after GC invocations=12 (full 4):
 PSYoungGen      total 632832K, used 10691K [0x00000000d5580000, 0x0000000100000000, 0x0000000100000000)
  eden space 567808K, 0% used [0x00000000d5580000,0x00000000d5580000,0x00000000f8000000)
  from space 65024K, 16% used [0x00000000fc080000,0x00000000fcaf0de0,0x0000000100000000)
  to   space 65536K, 0% used [0x00000000f8000000,0x00000000f8000000,0x00000000fc000000)
 ParOldGen       total 748032K, used 95253K [0x0000000080000000, 0x00000000ada80000, 0x00000000d5580000)
  object space 748032K, 12% used [0x0000000080000000,0x0000000085d05620,0x00000000ada80000)
 Metaspace       used 95952K, capacity 103108K, committed 103244K, reserved 1138688K
  class space    used 12092K, capacity 14425K, committed 14452K, reserved 1048576K
}
Event: 65.808 GC heap before
{Heap before GC invocations=13 (full 4):
 PSYoungGen      total 632832K, used 472667K [0x00000000d5580000, 0x0000000100000000, 0x0000000100000000)
  eden space 567808K, 81% used [0x00000000d5580000,0x00000000f18a5f58,0x00000000f8000000)
  from space 65024K, 16% used [0x00000000fc080000,0x00000000fcaf0de0,0x0000000100000000)
  to   space 65536K, 0% used [0x00000000f8000000,0x00000000f8000000,0x00000000fc000000)
 ParOldGen       total 748032K, used 95253K [0x0000000080000000, 0x00000000ada80000, 0x00000000d5580000)
  object space 748032K, 12% used [0x0000000080000000,0x0000000085d05620,0x00000000ada80000)
 Metaspace       used 98377K, capacity 105878K, committed 106060K, reserved 1140736K
  class space    used 12380K, capacity 14701K, committed 14708K, reserved 1048576K
Event: 65.852 GC heap after
Heap after GC invocations=13 (full 4):
 PSYoungGen      total 633344K, used 34433K [0x00000000d5580000, 0x0000000100000000, 0x0000000100000000)
  eden space 567808K, 0% used [0x00000000d5580000,0x00000000d5580000,0x00000000f8000000)
  from space 65536K, 52% used [0x00000000f8000000,0x00000000fa1a0640,0x00000000fc000000)
  to   space 63488K, 0% used [0x00000000fc200000,0x00000000fc200000,0x0000000100000000)
 ParOldGen       total 748032K, used 95261K [0x0000000080000000, 0x00000000ada80000, 0x00000000d5580000)
  object space 748032K, 12% used [0x0000000080000000,0x0000000085d07620,0x00000000ada80000)
 Metaspace       used 98377K, capacity 105878K, committed 106060K, reserved 1140736K
  class space    used 12380K, capacity 14701K, committed 14708K, reserved 1048576K
}
Event: 65.852 GC heap before
{Heap before GC invocations=14 (full 5):
 PSYoungGen      total 633344K, used 34433K [0x00000000d5580000, 0x0000000100000000, 0x0000000100000000)
  eden space 567808K, 0% used [0x00000000d5580000,0x00000000d5580000,0x00000000f8000000)
  from space 65536K, 52% used [0x00000000f8000000,0x00000000fa1a0640,0x00000000fc000000)
  to   space 63488K, 0% used [0x00000000fc200000,0x00000000fc200000,0x0000000100000000)
 ParOldGen       total 748032K, used 95261K [0x0000000080000000, 0x00000000ada80000, 0x00000000d5580000)
  object space 748032K, 12% used [0x0000000080000000,0x0000000085d07620,0x00000000ada80000)
 Metaspace       used 98377K, capacity 105878K, committed 106060K, reserved 1140736K
  class space    used 12380K, capacity 14701K, committed 14708K, reserved 1048576K
Event: 66.245 GC heap after
Heap after GC invocations=14 (full 5):
 PSYoungGen      total 633344K, used 0K [0x00000000d5580000, 0x0000000100000000, 0x0000000100000000)
  eden space 567808K, 0% used [0x00000000d5580000,0x00000000d5580000,0x00000000f8000000)
  from space 65536K, 0% used [0x00000000f8000000,0x00000000f8000000,0x00000000fc000000)
  to   space 63488K, 0% used [0x00000000fc200000,0x00000000fc200000,0x0000000100000000)
 ParOldGen       total 748032K, used 88778K [0x0000000080000000, 0x00000000ada80000, 0x00000000d5580000)
  object space 748032K, 11% used [0x0000000080000000,0x00000000856b29e8,0x00000000ada80000)
 Metaspace       used 98377K, capacity 105878K, committed 106060K, reserved 1140736K
  class space    used 12380K, capacity 14701K, committed 14708K, reserved 1048576K
}

